[debug] [2021-09-21T19:12:40.014Z] ----------------------------------------------------------------------
[debug] [2021-09-21T19:12:40.020Z] Command:       C:\Program Files\nodejs\node.exe C:\Users\ghula\AppData\Roaming\npm\node_modules\firebase-tools\lib\bin\firebase.js init
[debug] [2021-09-21T19:12:40.021Z] CLI Version:   9.8.0
[debug] [2021-09-21T19:12:40.021Z] Platform:      win32
[debug] [2021-09-21T19:12:40.021Z] Node Version:  v14.17.5
[debug] [2021-09-21T19:12:40.040Z] Time:          Wed Sep 22 2021 00:42:40 GMT+0530 (India Standard Time)
[debug] [2021-09-21T19:12:40.041Z] ----------------------------------------------------------------------
[debug] 
[debug] [2021-09-21T19:12:40.048Z] >>> [apiv2][query] GET https://firebase-public.firebaseio.com/cli.json [none]
[debug] [2021-09-21T19:12:40.124Z] > command requires scopes: ["email","openid","https://www.googleapis.com/auth/cloudplatformprojects.readonly","https://www.googleapis.com/auth/firebase","https://www.googleapis.com/auth/cloud-platform"]
[debug] [2021-09-21T19:12:40.127Z] > authorizing via signed-in user
[info] 
     ######## #### ########  ######## ########     ###     ######  ########
     ##        ##  ##     ## ##       ##     ##  ##   ##  ##       ##
     ######    ##  ########  ######   ########  #########  ######  ######
     ##        ##  ##    ##  ##       ##     ## ##     ##       ## ##
     ##       #### ##     ## ######## ########  ##     ##  ######  ########

You're about to initialize a Firebase project in this directory:

  D:\projects\DeveloperDays\Maskdetectionapp

Before we get started, keep in mind:

  * You are initializing in an existing Firebase project directory

[debug] [2021-09-21T19:12:41.255Z] <<< [apiv2][status] GET https://firebase-public.firebaseio.com/cli.json 200
[debug] [2021-09-21T19:12:41.256Z] <<< [apiv2][body] GET https://firebase-public.firebaseio.com/cli.json {"cloudBuildErrorAfter":1594252800000,"cloudBuildWarnAfter":1590019200000,"defaultNode10After":1594252800000,"minVersion":"3.0.5","node8DeploysDisabledAfter":1613390400000,"node8RuntimeDisabledAfter":1615809600000,"node8WarnAfter":1600128000000}
